<?xml version="1.0" encoding="UTF-8"?>
<testng-results ignored="0" total="2" passed="2" failed="0" skipped="0">
  <reporter-output>
  </reporter-output>
  <suite started-at="2023-09-14T10:28:26 IST" name="Default suite" finished-at="2023-09-14T10:29:09 IST" duration-ms="42243">
    <groups>
    </groups>
    <test started-at="2023-09-14T10:28:26 IST" name="Default test" finished-at="2023-09-14T10:29:09 IST" duration-ms="42243">
      <class name="Min_TestNG.TestnG_Amazon">
        <test-method is-config="true" signature="setUp()[pri:0, instance:Min_TestNG.TestnG_Amazon@1603cd68]" started-at="2023-09-14T10:28:27 IST" name="setUp" finished-at="2023-09-14T10:28:46 IST" duration-ms="19968" status="PASS">
          <reporter-output>
          </reporter-output>
        </test-method> <!-- setUp -->
        <test-method signature="verifyLogo()[pri:0, instance:Min_TestNG.TestnG_Amazon@1603cd68]" started-at="2023-09-14T10:28:47 IST" name="verifyLogo" finished-at="2023-09-14T10:28:47 IST" duration-ms="283" status="PASS">
          <reporter-output>
          </reporter-output>
        </test-method> <!-- verifyLogo -->
        <test-method is-config="true" signature="tearDown()[pri:0, instance:Min_TestNG.TestnG_Amazon@1603cd68]" started-at="2023-09-14T10:28:47 IST" name="tearDown" finished-at="2023-09-14T10:28:49 IST" duration-ms="1627" status="PASS">
          <reporter-output>
          </reporter-output>
        </test-method> <!-- tearDown -->
        <test-method is-config="true" signature="setUp()[pri:0, instance:Min_TestNG.TestnG_Amazon@1603cd68]" started-at="2023-09-14T10:28:49 IST" name="setUp" finished-at="2023-09-14T10:29:08 IST" duration-ms="18748" status="PASS">
          <reporter-output>
          </reporter-output>
        </test-method> <!-- setUp -->
        <test-method signature="verifyTitle()[pri:0, instance:Min_TestNG.TestnG_Amazon@1603cd68]" started-at="2023-09-14T10:29:08 IST" name="verifyTitle" finished-at="2023-09-14T10:29:08 IST" duration-ms="171" status="PASS">
          <reporter-output>
          </reporter-output>
        </test-method> <!-- verifyTitle -->
        <test-method is-config="true" signature="tearDown()[pri:0, instance:Min_TestNG.TestnG_Amazon@1603cd68]" started-at="2023-09-14T10:29:08 IST" name="tearDown" finished-at="2023-09-14T10:29:09 IST" duration-ms="816" status="PASS">
          <reporter-output>
          </reporter-output>
        </test-method> <!-- tearDown -->
      </class> <!-- Min_TestNG.TestnG_Amazon -->
    </test> <!-- Default test -->
  </suite> <!-- Default suite -->
</testng-results>
